current directory: E:/buhos-windows-tk/lib/ruby-2.4.3-1-x86/lib/ruby/gems/2.4.0/gems/levenshtein-ffi-1.1.0/ext/levenshtein
<<<<<<< HEAD
E:/buhos-windows-tk/lib/ruby-2.4.3-1-x86/bin/ruby.exe -r ./siteconf20180911-6676-z5j3b0.rb extconf.rb
=======
E:/buhos-windows-tk/lib/ruby-2.4.3-1-x86/bin/ruby.exe -r ./siteconf20181001-11696-ipbc72.rb extconf.rb
>>>>>>> last_good
creating Makefile

current directory: E:/buhos-windows-tk/lib/ruby-2.4.3-1-x86/lib/ruby/gems/2.4.0/gems/levenshtein-ffi-1.1.0/ext/levenshtein
make "DESTDIR=" clean

current directory: E:/buhos-windows-tk/lib/ruby-2.4.3-1-x86/lib/ruby/gems/2.4.0/gems/levenshtein-ffi-1.1.0/ext/levenshtein
make "DESTDIR="
generating levenshtein-i386-mingw32.def
compiling levenshtein.c
linking shared-object levenshtein.so
<<<<<<< HEAD
E:/msys2_64/mingw32/bin/../lib/gcc/i686-w64-mingw32/7.3.0/../../../../i686-w64-mingw32/bin/ld.exe: cannot export Init_levenshtein: symbol not defined
=======
E:/msys32/mingw32/bin/../lib/gcc/i686-w64-mingw32/7.3.0/../../../../i686-w64-mingw32/bin/ld.exe: cannot export Init_levenshtein: symbol not defined
>>>>>>> last_good
collect2.exe: error: ld returned 1 exit status
make: *** [Makefile:259: levenshtein.so] Error 1

make failed, exit code 2
